# JRE version: Java(TM) SE Runtime Environment (8.0_11-b12) (build 1.8.0_11-b12)
# Java VM: Java HotSpot(TM) 64-Bit Server VM (25.11-b03 mixed mode linux-amd64 compressed oops)
Heap:
 PSYoungGen      total 2048K, used 1313K [0x00000000d6f80000, 0x00000000d7380000, 0x0000000100000000)
  eden space 1024K, 90% used [0x00000000d6f80000,0x00000000d70673f8,0x00000000d7080000)
  from space 1024K, 37% used [0x00000000d7080000,0x00000000d70e1350,0x00000000d7180000)
  to   space 1024K, 0% used [0x00000000d7280000,0x00000000d7280000,0x00000000d7380000)
 ParOldGen       total 125440K, used 843K [0x0000000084e00000, 0x000000008c880000, 0x00000000d6f80000)
  object space 125440K, 0% used [0x0000000084e00000,0x0000000084ed2d30,0x000000008c880000)
 Metaspace       used 4393K, capacity 5656K, committed 6016K, reserved 1056768K
  class space    used 480K, capacity 520K, committed 640K, reserved 1048576K
GC Heap History (10 events):
Event: 2.498 GC heap before
{Heap before GC invocations=3 (full 0):
 PSYoungGen      total 1024K, used 1008K [0x00000000d6f80000, 0x00000000d7180000, 0x0000000100000000)
  eden space 512K, 100% used [0x00000000d6f80000,0x00000000d7000000,0x00000000d7000000)
  from space 512K, 96% used [0x00000000d7100000,0x00000000d717c010,0x00000000d7180000)
  to   space 512K, 0% used [0x00000000d7000000,0x00000000d7000000,0x00000000d7080000)
 ParOldGen       total 125440K, used 72K [0x0000000084e00000, 0x000000008c880000, 0x00000000d6f80000)
  object space 125440K, 0% used [0x0000000084e00000,0x0000000084e120c8,0x000000008c880000)
 Metaspace       used 3069K, capacity 4792K, committed 5120K, reserved 1056768K
  class space    used 333K, capacity 424K, committed 512K, reserved 1048576K
Event: 2.498 GC heap after
Heap after GC invocations=3 (full 0):
 PSYoungGen      total 1024K, used 496K [0x00000000d6f80000, 0x00000000d7180000, 0x0000000100000000)
  eden space 512K, 0% used [0x00000000d6f80000,0x00000000d6f80000,0x00000000d7000000)
  from space 512K, 96% used [0x00000000d7000000,0x00000000d707c010,0x00000000d7080000)
  to   space 512K, 0% used [0x00000000d7100000,0x00000000d7100000,0x00000000d7180000)
 ParOldGen       total 125440K, used 162K [0x0000000084e00000, 0x000000008c880000, 0x00000000d6f80000)
  object space 125440K, 0% used [0x0000000084e00000,0x0000000084e28a58,0x000000008c880000)
 Metaspace       used 3069K, capacity 4792K, committed 5120K, reserved 1056768K
  class space    used 333K, capacity 424K, committed 512K, reserved 1048576K
}
Event: 4.304 GC heap before
{Heap before GC invocations=4 (full 0):
 PSYoungGen      total 1024K, used 1008K [0x00000000d6f80000, 0x00000000d7180000, 0x0000000100000000)
  eden space 512K, 100% used [0x00000000d6f80000,0x00000000d7000000,0x00000000d7000000)
  from space 512K, 96% used [0x00000000d7000000,0x00000000d707c010,0x00000000d7080000)
  to   space 512K, 0% used [0x00000000d7100000,0x00000000d7100000,0x00000000d7180000)
 ParOldGen       total 125440K, used 162K [0x0000000084e00000, 0x000000008c880000, 0x00000000d6f80000)
  object space 125440K, 0% used [0x0000000084e00000,0x0000000084e28a58,0x000000008c880000)
 Metaspace       used 3514K, capacity 4856K, committed 5120K, reserved 1056768K
  class space    used 379K, capacity 424K, committed 512K, reserved 1048576K
Event: 4.305 GC heap after
Heap after GC invocations=4 (full 0):
 PSYoungGen      total 1024K, used 496K [0x00000000d6f80000, 0x00000000d7180000, 0x0000000100000000)
  eden space 512K, 0% used [0x00000000d6f80000,0x00000000d6f80000,0x00000000d7000000)
  from space 512K, 96% used [0x00000000d7100000,0x00000000d717c010,0x00000000d7180000)
  to   space 512K, 0% used [0x00000000d7000000,0x00000000d7000000,0x00000000d7080000)
 ParOldGen       total 125440K, used 289K [0x0000000084e00000, 0x000000008c880000, 0x00000000d6f80000)
  object space 125440K, 0% used [0x0000000084e00000,0x0000000084e487a0,0x000000008c880000)
 Metaspace       used 3514K, capacity 4856K, committed 5120K, reserved 1056768K
  class space    used 379K, capacity 424K, committed 512K, reserved 1048576K
}
Event: 4.317 GC heap before
{Heap before GC invocations=5 (full 0):
 PSYoungGen      total 1024K, used 996K [0x00000000d6f80000, 0x00000000d7180000, 0x0000000100000000)
  eden space 512K, 97% used [0x00000000d6f80000,0x00000000d6ffd248,0x00000000d7000000)
  from space 512K, 96% used [0x00000000d7100000,0x00000000d717c010,0x00000000d7180000)
  to   space 512K, 0% used [0x00000000d7000000,0x00000000d7000000,0x00000000d7080000)
 ParOldGen       total 125440K, used 289K [0x0000000084e00000, 0x000000008c880000, 0x00000000d6f80000)
  object space 125440K, 0% used [0x0000000084e00000,0x0000000084e487a0,0x000000008c880000)
 Metaspace       used 3668K, capacity 5016K, committed 5120K, reserved 1056768K
  class space    used 395K, capacity 456K, committed 512K, reserved 1048576K
Event: 4.318 GC heap after
Heap after GC invocations=5 (full 0):
 PSYoungGen      total 1024K, used 480K [0x00000000d6f80000, 0x00000000d7280000, 0x0000000100000000)
  eden space 512K, 0% used [0x00000000d6f80000,0x00000000d6f80000,0x00000000d7000000)
  from space 512K, 93% used [0x00000000d7000000,0x00000000d7078020,0x00000000d7080000)
  to   space 1024K, 0% used [0x00000000d7180000,0x00000000d7180000,0x00000000d7280000)
 ParOldGen       total 125440K, used 447K [0x0000000084e00000, 0x000000008c880000, 0x00000000d6f80000)
  object space 125440K, 0% used [0x0000000084e00000,0x0000000084e6fcd0,0x000000008c880000)
 Metaspace       used 3668K, capacity 5016K, committed 5120K, reserved 1056768K
  class space    used 395K, capacity 456K, committed 512K, reserved 1048576K
}
Event: 4.333 GC heap before
{Heap before GC invocations=6 (full 0):
 PSYoungGen      total 1024K, used 987K [0x00000000d6f80000, 0x00000000d7280000, 0x0000000100000000)
  eden space 512K, 99% used [0x00000000d6f80000,0x00000000d6ffec90,0x00000000d7000000)
  from space 512K, 93% used [0x00000000d7000000,0x00000000d7078020,0x00000000d7080000)
  to   space 1024K, 0% used [0x00000000d7180000,0x00000000d7180000,0x00000000d7280000)
 ParOldGen       total 125440K, used 447K [0x0000000084e00000, 0x000000008c880000, 0x00000000d6f80000)
  object space 125440K, 0% used [0x0000000084e00000,0x0000000084e6fcd0,0x000000008c880000)
 Metaspace       used 3809K, capacity 5144K, committed 5376K, reserved 1056768K
  class space    used 411K, capacity 456K, committed 512K, reserved 1048576K
Event: 4.335 GC heap after
Heap after GC invocations=6 (full 0):
 PSYoungGen      total 2048K, used 627K [0x00000000d6f80000, 0x00000000d7280000, 0x0000000100000000)
  eden space 1024K, 0% used [0x00000000d6f80000,0x00000000d6f80000,0x00000000d7080000)
  from space 1024K, 61% used [0x00000000d7180000,0x00000000d721ccd8,0x00000000d7280000)
  to   space 1024K, 0% used [0x00000000d7080000,0x00000000d7080000,0x00000000d7180000)
 ParOldGen       total 125440K, used 447K [0x0000000084e00000, 0x000000008c880000, 0x00000000d6f80000)
  object space 125440K, 0% used [0x0000000084e00000,0x0000000084e6fcd0,0x000000008c880000)
 Metaspace       used 3809K, capacity 5144K, committed 5376K, reserved 1056768K
  class space    used 411K, capacity 456K, committed 512K, reserved 1048576K
}
Event: 4.362 GC heap before
{Heap before GC invocations=7 (full 0):
 PSYoungGen      total 2048K, used 1651K [0x00000000d6f80000, 0x00000000d7280000, 0x0000000100000000)
  eden space 1024K, 100% used [0x00000000d6f80000,0x00000000d7080000,0x00000000d7080000)
  from space 1024K, 61% used [0x00000000d7180000,0x00000000d721ccd8,0x00000000d7280000)
  to   space 1024K, 0% used [0x00000000d7080000,0x00000000d7080000,0x00000000d7180000)
 ParOldGen       total 125440K, used 447K [0x0000000084e00000, 0x000000008c880000, 0x00000000d6f80000)
  object space 125440K, 0% used [0x0000000084e00000,0x0000000084e6fcd0,0x000000008c880000)
 Metaspace       used 4104K, capacity 5432K, committed 5632K, reserved 1056768K
  class space    used 439K, capacity 488K, committed 512K, reserved 1048576K
Event: 4.363 GC heap after
Heap after GC invocations=7 (full 0):
 PSYoungGen      total 2048K, used 388K [0x00000000d6f80000, 0x00000000d7380000, 0x0000000100000000)
  eden space 1024K, 0% used [0x00000000d6f80000,0x00000000d6f80000,0x00000000d7080000)
  from space 1024K, 37% used [0x00000000d7080000,0x00000000d70e1350,0x00000000d7180000)
  to   space 1024K, 0% used [0x00000000d7280000,0x00000000d7280000,0x00000000d7380000)
 ParOldGen       total 125440K, used 843K [0x0000000084e00000, 0x000000008c880000, 0x00000000d6f80000)
  object space 125440K, 0% used [0x0000000084e00000,0x0000000084ed2d30,0x000000008c880000)
 Metaspace       used 4104K, capacity 5432K, committed 5632K, reserved 1056768K
  class space    used 439K, capacity 488K, committed 512K, reserved 1048576K
}

